<?xml version="1.0" encoding="UTF-8"?>
<testsuite xmlns:xsi="http://www.w3.org/2001/XMLSchema-instance" xsi:noNamespaceSchemaLocation="https://maven.apache.org/surefire/maven-surefire-plugin/xsd/surefire-test-report-3.0.xsd" version="3.0" name="org.fennec.sdk.tests.TestSurefire" time="0.385" tests="1" errors="0" skipped="0" failures="0">
  <properties>
    <property name="sun.desktop" value="gnome"/>
    <property name="awt.toolkit" value="sun.awt.X11.XToolkit"/>
    <property name="java.specification.version" value="11"/>
    <property name="sun.cpu.isalist" value=""/>
    <property name="sonar.login" value="20d4557aac9a0fb119cd2f2ffa4e40b79e542f3e"/>
    <property name="sonar.host.url" value="http://localhost:9000"/>
    <property name="sun.jnu.encoding" value="UTF-8"/>
    <property name="java.class.path" value="/home/gmuselli/git_clones/fennec-java-sdk/java-sdk-utilities/target/test-classes:/home/gmuselli/git_clones/fennec-java-sdk/java-sdk-utilities/target/classes:/home/gmuselli/git_clones/fennec-java-sdk/java-sdk-model/target/java-sdk-model-1.0.4.jar:/home/gmuselli/.m2/repository/com/fasterxml/jackson/core/jackson-annotations/2.12.6/jackson-annotations-2.12.6.jar:/home/gmuselli/git_clones/fennec-java-sdk/java-sdk-core/target/java-sdk-core-1.0.4.jar:/home/gmuselli/.m2/repository/org/projectlombok/lombok/1.18.22/lombok-1.18.22.jar:/home/gmuselli/.m2/repository/ch/qos/logback/logback-core/1.2.6/logback-core-1.2.6.jar:/home/gmuselli/.m2/repository/ch/qos/logback/logback-classic/1.2.6/logback-classic-1.2.6.jar:/home/gmuselli/.m2/repository/org/slf4j/slf4j-api/1.7.35/slf4j-api-1.7.35.jar:/home/gmuselli/.m2/repository/com/fasterxml/jackson/core/jackson-databind/2.12.6/jackson-databind-2.12.6.jar:/home/gmuselli/.m2/repository/com/fasterxml/jackson/core/jackson-core/2.12.6/jackson-core-2.12.6.jar:/home/gmuselli/.m2/repository/com/fasterxml/jackson/dataformat/jackson-dataformat-yaml/2.12.6/jackson-dataformat-yaml-2.12.6.jar:/home/gmuselli/.m2/repository/org/yaml/snakeyaml/1.27/snakeyaml-1.27.jar:/home/gmuselli/.m2/repository/com/fasterxml/jackson/dataformat/jackson-dataformat-csv/2.12.6/jackson-dataformat-csv-2.12.6.jar:/home/gmuselli/.m2/repository/com/fasterxml/jackson/dataformat/jackson-dataformat-properties/2.12.6/jackson-dataformat-properties-2.12.6.jar:/home/gmuselli/.m2/repository/com/fasterxml/jackson/dataformat/jackson-dataformat-xml/2.12.6/jackson-dataformat-xml-2.12.6.jar:/home/gmuselli/.m2/repository/com/fasterxml/jackson/module/jackson-module-jaxb-annotations/2.12.6/jackson-module-jaxb-annotations-2.12.6.jar:/home/gmuselli/.m2/repository/jakarta/xml/bind/jakarta.xml.bind-api/2.3.2/jakarta.xml.bind-api-2.3.2.jar:/home/gmuselli/.m2/repository/jakarta/activation/jakarta.activation-api/1.2.1/jakarta.activation-api-1.2.1.jar:/home/gmuselli/.m2/repository/org/codehaus/woodstox/stax2-api/4.2.1/stax2-api-4.2.1.jar:/home/gmuselli/.m2/repository/com/fasterxml/woodstox/woodstox-core/6.2.7/woodstox-core-6.2.7.jar:/home/gmuselli/.m2/repository/org/junit/jupiter/junit-jupiter-api/5.8.1/junit-jupiter-api-5.8.1.jar:/home/gmuselli/.m2/repository/org/opentest4j/opentest4j/1.2.0/opentest4j-1.2.0.jar:/home/gmuselli/.m2/repository/org/junit/platform/junit-platform-commons/1.8.1/junit-platform-commons-1.8.1.jar:/home/gmuselli/.m2/repository/org/apiguardian/apiguardian-api/1.1.2/apiguardian-api-1.1.2.jar:/home/gmuselli/.m2/repository/org/hamcrest/hamcrest-all/1.3/hamcrest-all-1.3.jar:/home/gmuselli/.m2/repository/org/awaitility/awaitility/4.1.1/awaitility-4.1.1.jar:/home/gmuselli/.m2/repository/org/hamcrest/hamcrest/2.1/hamcrest-2.1.jar:/home/gmuselli/.m2/repository/com/github/tomakehurst/wiremock/2.27.2/wiremock-2.27.2.jar:/home/gmuselli/.m2/repository/org/eclipse/jetty/jetty-server/9.2.28.v20190418/jetty-server-9.2.28.v20190418.jar:/home/gmuselli/.m2/repository/javax/servlet/javax.servlet-api/3.1.0/javax.servlet-api-3.1.0.jar:/home/gmuselli/.m2/repository/org/eclipse/jetty/jetty-http/9.2.28.v20190418/jetty-http-9.2.28.v20190418.jar:/home/gmuselli/.m2/repository/org/eclipse/jetty/jetty-io/9.2.28.v20190418/jetty-io-9.2.28.v20190418.jar:/home/gmuselli/.m2/repository/org/eclipse/jetty/jetty-servlet/9.2.28.v20190418/jetty-servlet-9.2.28.v20190418.jar:/home/gmuselli/.m2/repository/org/eclipse/jetty/jetty-security/9.2.28.v20190418/jetty-security-9.2.28.v20190418.jar:/home/gmuselli/.m2/repository/org/eclipse/jetty/jetty-servlets/9.2.28.v20190418/jetty-servlets-9.2.28.v20190418.jar:/home/gmuselli/.m2/repository/org/eclipse/jetty/jetty-continuation/9.2.28.v20190418/jetty-continuation-9.2.28.v20190418.jar:/home/gmuselli/.m2/repository/org/eclipse/jetty/jetty-util/9.2.28.v20190418/jetty-util-9.2.28.v20190418.jar:/home/gmuselli/.m2/repository/org/eclipse/jetty/jetty-webapp/9.2.28.v20190418/jetty-webapp-9.2.28.v20190418.jar:/home/gmuselli/.m2/repository/org/eclipse/jetty/jetty-xml/9.2.28.v20190418/jetty-xml-9.2.28.v20190418.jar:/home/gmuselli/.m2/repository/org/eclipse/jetty/jetty-proxy/9.2.28.v20190418/jetty-proxy-9.2.28.v20190418.jar:/home/gmuselli/.m2/repository/org/eclipse/jetty/jetty-client/9.2.28.v20190418/jetty-client-9.2.28.v20190418.jar:/home/gmuselli/.m2/repository/com/google/guava/guava/20.0/guava-20.0.jar:/home/gmuselli/.m2/repository/org/apache/httpcomponents/httpclient/4.5.12/httpclient-4.5.12.jar:/home/gmuselli/.m2/repository/org/apache/httpcomponents/httpcore/4.4.13/httpcore-4.4.13.jar:/home/gmuselli/.m2/repository/commons-logging/commons-logging/1.2/commons-logging-1.2.jar:/home/gmuselli/.m2/repository/commons-codec/commons-codec/1.11/commons-codec-1.11.jar:/home/gmuselli/.m2/repository/org/xmlunit/xmlunit-core/2.7.0/xmlunit-core-2.7.0.jar:/home/gmuselli/.m2/repository/javax/xml/bind/jaxb-api/2.3.0/jaxb-api-2.3.0.jar:/home/gmuselli/.m2/repository/org/xmlunit/xmlunit-legacy/2.7.0/xmlunit-legacy-2.7.0.jar:/home/gmuselli/.m2/repository/org/xmlunit/xmlunit-placeholders/2.7.0/xmlunit-placeholders-2.7.0.jar:/home/gmuselli/.m2/repository/com/jayway/jsonpath/json-path/2.4.0/json-path-2.4.0.jar:/home/gmuselli/.m2/repository/net/minidev/json-smart/2.3/json-smart-2.3.jar:/home/gmuselli/.m2/repository/net/minidev/accessors-smart/1.2/accessors-smart-1.2.jar:/home/gmuselli/.m2/repository/org/ow2/asm/asm/7.0/asm-7.0.jar:/home/gmuselli/.m2/repository/net/sf/jopt-simple/jopt-simple/5.0.3/jopt-simple-5.0.3.jar:/home/gmuselli/.m2/repository/org/apache/commons/commons-lang3/3.7/commons-lang3-3.7.jar:/home/gmuselli/.m2/repository/com/github/jknack/handlebars/4.0.7/handlebars-4.0.7.jar:/home/gmuselli/.m2/repository/org/antlr/antlr4-runtime/4.7.1/antlr4-runtime-4.7.1.jar:/home/gmuselli/.m2/repository/com/github/jknack/handlebars-helpers/4.0.7/handlebars-helpers-4.0.7.jar:/home/gmuselli/.m2/repository/com/flipkart/zjsonpatch/zjsonpatch/0.4.4/zjsonpatch-0.4.4.jar:/home/gmuselli/.m2/repository/commons-fileupload/commons-fileupload/1.4/commons-fileupload-1.4.jar:/home/gmuselli/.m2/repository/commons-io/commons-io/2.2/commons-io-2.2.jar:"/>
    <property name="java.vm.vendor" value="Oracle Corporation"/>
    <property name="sun.arch.data.model" value="64"/>
    <property name="java.vendor.url" value="https://openjdk.java.net/"/>
    <property name="user.timezone" value="Europe/Paris"/>
    <property name="java.vm.specification.version" value="11"/>
    <property name="os.name" value="Linux"/>
    <property name="sun.java.launcher" value="SUN_STANDARD"/>
    <property name="user.country" value="US"/>
    <property name="sun.boot.library.path" value="/home/gmuselli/.sdkman/candidates/java/11.0.12-open/lib"/>
    <property name="sun.java.command" value="/home/gmuselli/git_clones/fennec-java-sdk/java-sdk-utilities/target/surefire/surefirebooter2347100856553121814.jar /home/gmuselli/git_clones/fennec-java-sdk/java-sdk-utilities/target/surefire 2022-02-24T12-16-53_649-jvmRun1 surefire16254767973198361709tmp surefire_18362907793777699668tmp"/>
    <property name="jdk.debug" value="release"/>
    <property name="surefire.test.class.path" value="/home/gmuselli/git_clones/fennec-java-sdk/java-sdk-utilities/target/test-classes:/home/gmuselli/git_clones/fennec-java-sdk/java-sdk-utilities/target/classes:/home/gmuselli/git_clones/fennec-java-sdk/java-sdk-model/target/java-sdk-model-1.0.4.jar:/home/gmuselli/.m2/repository/com/fasterxml/jackson/core/jackson-annotations/2.12.6/jackson-annotations-2.12.6.jar:/home/gmuselli/git_clones/fennec-java-sdk/java-sdk-core/target/java-sdk-core-1.0.4.jar:/home/gmuselli/.m2/repository/org/projectlombok/lombok/1.18.22/lombok-1.18.22.jar:/home/gmuselli/.m2/repository/ch/qos/logback/logback-core/1.2.6/logback-core-1.2.6.jar:/home/gmuselli/.m2/repository/ch/qos/logback/logback-classic/1.2.6/logback-classic-1.2.6.jar:/home/gmuselli/.m2/repository/org/slf4j/slf4j-api/1.7.35/slf4j-api-1.7.35.jar:/home/gmuselli/.m2/repository/com/fasterxml/jackson/core/jackson-databind/2.12.6/jackson-databind-2.12.6.jar:/home/gmuselli/.m2/repository/com/fasterxml/jackson/core/jackson-core/2.12.6/jackson-core-2.12.6.jar:/home/gmuselli/.m2/repository/com/fasterxml/jackson/dataformat/jackson-dataformat-yaml/2.12.6/jackson-dataformat-yaml-2.12.6.jar:/home/gmuselli/.m2/repository/org/yaml/snakeyaml/1.27/snakeyaml-1.27.jar:/home/gmuselli/.m2/repository/com/fasterxml/jackson/dataformat/jackson-dataformat-csv/2.12.6/jackson-dataformat-csv-2.12.6.jar:/home/gmuselli/.m2/repository/com/fasterxml/jackson/dataformat/jackson-dataformat-properties/2.12.6/jackson-dataformat-properties-2.12.6.jar:/home/gmuselli/.m2/repository/com/fasterxml/jackson/dataformat/jackson-dataformat-xml/2.12.6/jackson-dataformat-xml-2.12.6.jar:/home/gmuselli/.m2/repository/com/fasterxml/jackson/module/jackson-module-jaxb-annotations/2.12.6/jackson-module-jaxb-annotations-2.12.6.jar:/home/gmuselli/.m2/repository/jakarta/xml/bind/jakarta.xml.bind-api/2.3.2/jakarta.xml.bind-api-2.3.2.jar:/home/gmuselli/.m2/repository/jakarta/activation/jakarta.activation-api/1.2.1/jakarta.activation-api-1.2.1.jar:/home/gmuselli/.m2/repository/org/codehaus/woodstox/stax2-api/4.2.1/stax2-api-4.2.1.jar:/home/gmuselli/.m2/repository/com/fasterxml/woodstox/woodstox-core/6.2.7/woodstox-core-6.2.7.jar:/home/gmuselli/.m2/repository/org/junit/jupiter/junit-jupiter-api/5.8.1/junit-jupiter-api-5.8.1.jar:/home/gmuselli/.m2/repository/org/opentest4j/opentest4j/1.2.0/opentest4j-1.2.0.jar:/home/gmuselli/.m2/repository/org/junit/platform/junit-platform-commons/1.8.1/junit-platform-commons-1.8.1.jar:/home/gmuselli/.m2/repository/org/apiguardian/apiguardian-api/1.1.2/apiguardian-api-1.1.2.jar:/home/gmuselli/.m2/repository/org/hamcrest/hamcrest-all/1.3/hamcrest-all-1.3.jar:/home/gmuselli/.m2/repository/org/awaitility/awaitility/4.1.1/awaitility-4.1.1.jar:/home/gmuselli/.m2/repository/org/hamcrest/hamcrest/2.1/hamcrest-2.1.jar:/home/gmuselli/.m2/repository/com/github/tomakehurst/wiremock/2.27.2/wiremock-2.27.2.jar:/home/gmuselli/.m2/repository/org/eclipse/jetty/jetty-server/9.2.28.v20190418/jetty-server-9.2.28.v20190418.jar:/home/gmuselli/.m2/repository/javax/servlet/javax.servlet-api/3.1.0/javax.servlet-api-3.1.0.jar:/home/gmuselli/.m2/repository/org/eclipse/jetty/jetty-http/9.2.28.v20190418/jetty-http-9.2.28.v20190418.jar:/home/gmuselli/.m2/repository/org/eclipse/jetty/jetty-io/9.2.28.v20190418/jetty-io-9.2.28.v20190418.jar:/home/gmuselli/.m2/repository/org/eclipse/jetty/jetty-servlet/9.2.28.v20190418/jetty-servlet-9.2.28.v20190418.jar:/home/gmuselli/.m2/repository/org/eclipse/jetty/jetty-security/9.2.28.v20190418/jetty-security-9.2.28.v20190418.jar:/home/gmuselli/.m2/repository/org/eclipse/jetty/jetty-servlets/9.2.28.v20190418/jetty-servlets-9.2.28.v20190418.jar:/home/gmuselli/.m2/repository/org/eclipse/jetty/jetty-continuation/9.2.28.v20190418/jetty-continuation-9.2.28.v20190418.jar:/home/gmuselli/.m2/repository/org/eclipse/jetty/jetty-util/9.2.28.v20190418/jetty-util-9.2.28.v20190418.jar:/home/gmuselli/.m2/repository/org/eclipse/jetty/jetty-webapp/9.2.28.v20190418/jetty-webapp-9.2.28.v20190418.jar:/home/gmuselli/.m2/repository/org/eclipse/jetty/jetty-xml/9.2.28.v20190418/jetty-xml-9.2.28.v20190418.jar:/home/gmuselli/.m2/repository/org/eclipse/jetty/jetty-proxy/9.2.28.v20190418/jetty-proxy-9.2.28.v20190418.jar:/home/gmuselli/.m2/repository/org/eclipse/jetty/jetty-client/9.2.28.v20190418/jetty-client-9.2.28.v20190418.jar:/home/gmuselli/.m2/repository/com/google/guava/guava/20.0/guava-20.0.jar:/home/gmuselli/.m2/repository/org/apache/httpcomponents/httpclient/4.5.12/httpclient-4.5.12.jar:/home/gmuselli/.m2/repository/org/apache/httpcomponents/httpcore/4.4.13/httpcore-4.4.13.jar:/home/gmuselli/.m2/repository/commons-logging/commons-logging/1.2/commons-logging-1.2.jar:/home/gmuselli/.m2/repository/commons-codec/commons-codec/1.11/commons-codec-1.11.jar:/home/gmuselli/.m2/repository/org/xmlunit/xmlunit-core/2.7.0/xmlunit-core-2.7.0.jar:/home/gmuselli/.m2/repository/javax/xml/bind/jaxb-api/2.3.0/jaxb-api-2.3.0.jar:/home/gmuselli/.m2/repository/org/xmlunit/xmlunit-legacy/2.7.0/xmlunit-legacy-2.7.0.jar:/home/gmuselli/.m2/repository/org/xmlunit/xmlunit-placeholders/2.7.0/xmlunit-placeholders-2.7.0.jar:/home/gmuselli/.m2/repository/com/jayway/jsonpath/json-path/2.4.0/json-path-2.4.0.jar:/home/gmuselli/.m2/repository/net/minidev/json-smart/2.3/json-smart-2.3.jar:/home/gmuselli/.m2/repository/net/minidev/accessors-smart/1.2/accessors-smart-1.2.jar:/home/gmuselli/.m2/repository/org/ow2/asm/asm/7.0/asm-7.0.jar:/home/gmuselli/.m2/repository/net/sf/jopt-simple/jopt-simple/5.0.3/jopt-simple-5.0.3.jar:/home/gmuselli/.m2/repository/org/apache/commons/commons-lang3/3.7/commons-lang3-3.7.jar:/home/gmuselli/.m2/repository/com/github/jknack/handlebars/4.0.7/handlebars-4.0.7.jar:/home/gmuselli/.m2/repository/org/antlr/antlr4-runtime/4.7.1/antlr4-runtime-4.7.1.jar:/home/gmuselli/.m2/repository/com/github/jknack/handlebars-helpers/4.0.7/handlebars-helpers-4.0.7.jar:/home/gmuselli/.m2/repository/com/flipkart/zjsonpatch/zjsonpatch/0.4.4/zjsonpatch-0.4.4.jar:/home/gmuselli/.m2/repository/commons-fileupload/commons-fileupload/1.4/commons-fileupload-1.4.jar:/home/gmuselli/.m2/repository/commons-io/commons-io/2.2/commons-io-2.2.jar:"/>
    <property name="sun.cpu.endian" value="little"/>
    <property name="user.home" value="/home/gmuselli"/>
    <property name="user.language" value="en"/>
    <property name="java.specification.vendor" value="Oracle Corporation"/>
    <property name="java.version.date" value="2021-07-20"/>
    <property name="java.home" value="/home/gmuselli/.sdkman/candidates/java/11.0.12-open"/>
    <property name="file.separator" value="/"/>
    <property name="basedir" value="/home/gmuselli/git_clones/fennec-java-sdk/java-sdk-utilities"/>
    <property name="java.vm.compressedOopsMode" value="Zero based"/>
    <property name="line.separator" value="&#10;"/>
    <property name="java.specification.name" value="Java Platform API Specification"/>
    <property name="java.vm.specification.vendor" value="Oracle Corporation"/>
    <property name="java.awt.graphicsenv" value="sun.awt.X11GraphicsEnvironment"/>
    <property name="surefire.real.class.path" value="/home/gmuselli/git_clones/fennec-java-sdk/java-sdk-utilities/target/surefire/surefirebooter2347100856553121814.jar"/>
    <property name="sun.management.compiler" value="HotSpot 64-Bit Tiered Compilers"/>
    <property name="java.runtime.version" value="11.0.12+7"/>
    <property name="user.name" value="gmuselli"/>
    <property name="path.separator" value=":"/>
    <property name="os.version" value="5.13.0-30-generic"/>
    <property name="java.runtime.name" value="OpenJDK Runtime Environment"/>
    <property name="file.encoding" value="UTF-8"/>
    <property name="java.vm.name" value="OpenJDK 64-Bit Server VM"/>
    <property name="java.vendor.version" value="18.9"/>
    <property name="localRepository" value="/home/gmuselli/.m2/repository"/>
    <property name="java.vendor.url.bug" value="https://bugreport.java.com/bugreport/"/>
    <property name="java.io.tmpdir" value="/tmp"/>
    <property name="java.version" value="11.0.12"/>
    <property name="user.dir" value="/home/gmuselli/git_clones/fennec-java-sdk/java-sdk-utilities"/>
    <property name="os.arch" value="amd64"/>
    <property name="java.vm.specification.name" value="Java Virtual Machine Specification"/>
    <property name="java.awt.printerjob" value="sun.print.PSPrinterJob"/>
    <property name="sun.os.patch.level" value="unknown"/>
    <property name="java.library.path" value="/usr/java/packages/lib:/usr/lib64:/lib64:/lib:/usr/lib"/>
    <property name="java.vm.info" value="mixed mode"/>
    <property name="java.vendor" value="Oracle Corporation"/>
    <property name="java.vm.version" value="11.0.12+7"/>
    <property name="sun.io.unicode.encoding" value="UnicodeLittle"/>
    <property name="java.class.version" value="55.0"/>
  </properties>
  <testcase name="testSurefire" classname="org.fennec.sdk.tests.TestSurefire" time="0.372"/>
</testsuite>